<?xml version="1.0" encoding="UTF-8"?>
<!-- Generated by org.testng.reporters.JUnitReportReporter -->
<testsuite hostname="DESKTOP-U6D9EGH" failures="0" tests="9" name="testCases.LoginTestCases" time="33.658" errors="0" timestamp="14 Mar 2023 18:03:39 GMT" skipped="0">
  <testcase classname="testCases.LoginTestCases" name="verifySignInButtonColor" time="3.030"/>
  <testcase classname="testCases.LoginTestCases" name="verifySignInButtonText" time="3.292"/>
  <testcase classname="testCases.LoginTestCases" name="verifyLoginForInValidUser" time="5.306"/>
  <testcase classname="testCases.LoginTestCases" name="verifyLoginForInValidUserwithExcelDataProvider" time="3.903"/>
  <testcase classname="testCases.LoginTestCases" name="verifyLoginForInValidUserwithExcelDataProvider" time="3.748"/>
  <testcase classname="testCases.LoginTestCases" name="verifyLoginForInValidUserwithExcelDataProvider" time="3.793"/>
  <testcase classname="testCases.LoginTestCases" name="verifyLoginForInValidUserwithExcelDataProvider" time="3.679"/>
  <testcase classname="testCases.LoginTestCases" name="verifyCheckBox" time="2.887"/>
  <testcase classname="testCases.LoginTestCases" name="verifyLoginForValidUser" time="4.020"/>
</testsuite> <!-- testCases.LoginTestCases -->
