<?xml version="1.0" encoding="UTF-8"?>
<!-- Generated by org.testng.reporters.JUnitReportReporter -->
<testsuite hostname="DESKTOP-U6D9EGH" failures="0" tests="3" name="testCases.HomePageTestCases" time="12.245" errors="0" timestamp="14 Mar 2023 18:03:39 GMT" skipped="0">
  <testcase classname="testCases.HomePageTestCases" name="verifyHomePageURL" time="3.908"/>
  <testcase classname="testCases.HomePageTestCases" name="verifyUserLogout" time="4.481"/>
  <testcase classname="testCases.HomePageTestCases" name="verifyHomePageTitle" time="3.856"/>
</testsuite> <!-- testCases.HomePageTestCases -->
