<?xml version="1.0" encoding="UTF-8"?>
<!-- Generated by org.testng.reporters.JUnitReportReporter -->
<testsuite hostname="DESKTOP-U6D9EGH" failures="0" tests="5" name="testCases.ManageExpensesTestCases" time="31.165" errors="0" timestamp="14 Mar 2023 18:03:39 GMT" skipped="0">
  <testcase classname="testCases.ManageExpensesTestCases" name="verifyNewSearchResetButtonFontColor" time="4.974"/>
  <testcase classname="testCases.ManageExpensesTestCases" name="verifyManageExpensePageLoad" time="4.910"/>
  <testcase classname="testCases.ManageExpensesTestCases" name="verifyNewSearchResetButtonFontSize" time="5.278"/>
  <testcase classname="testCases.ManageExpensesTestCases" name="verifyAddExpenseFieldsPresence" time="5.681"/>
  <testcase classname="testCases.ManageExpensesTestCases" name="verifyAddNewExpenseRecord" time="10.322"/>
</testsuite> <!-- testCases.ManageExpensesTestCases -->
