<?xml version="1.0" encoding="UTF-8"?>
<!-- Generated by org.testng.reporters.JUnitReportReporter -->
<testsuite hostname="DESKTOP-U6D9EGH" failures="0" tests="1" name="testCases.ExpenseCategoryTestCases" time="4.773" errors="0" timestamp="20 Mar 2023 03:13:36 GMT" skipped="0">
  <testcase classname="testCases.ExpenseCategoryTestCases" name="verifyExpenseCategoryPageIsLoaded" time="4.773"/>
</testsuite> <!-- testCases.ExpenseCategoryTestCases -->
