<?xml version="1.0" encoding="UTF-8"?>
<!-- Generated by org.testng.reporters.JUnitReportReporter -->
<testsuite hostname="DESKTOP-U6D9EGH" failures="0" tests="6" name="testCases.ExpenseCategoryTestCases" time="31.762" errors="0" timestamp="14 Mar 2023 18:03:39 GMT" skipped="0">
  <testcase classname="testCases.ExpenseCategoryTestCases" name="EditExpenseCategory" time="6.072"/>
  <testcase classname="testCases.ExpenseCategoryTestCases" name="deleteExpenseCategory" time="5.364"/>
  <testcase classname="testCases.ExpenseCategoryTestCases" name="searchExpenseCategory" time="5.479"/>
  <testcase classname="testCases.ExpenseCategoryTestCases" name="addNewExpenseCategory" time="5.569"/>
  <testcase classname="testCases.ExpenseCategoryTestCases" name="verifyNewSearchResetButtonColors" time="4.682"/>
  <testcase classname="testCases.ExpenseCategoryTestCases" name="verifyExpenseCategoryPageIsLoaded" time="4.596"/>
</testsuite> <!-- testCases.ExpenseCategoryTestCases -->
