<?xml version="1.0" encoding="UTF-8"?>
<!-- Generated by org.testng.reporters.JUnitReportReporter -->
<testsuite hostname="DESKTOP-U6D9EGH" failures="0" tests="3" name="testCases.AdminUserTestCases" time="20.531" errors="0" timestamp="14 Mar 2023 18:03:39 GMT" skipped="0">
  <testcase classname="testCases.AdminUserTestCases" name="verifyAdminUserPageTitle" time="8.932"/>
  <testcase classname="testCases.AdminUserTestCases" name="verifyCreateNewUser" time="6.420"/>
  <testcase classname="testCases.AdminUserTestCases" name="verifyAdminUserPageURL" time="5.179"/>
</testsuite> <!-- testCases.AdminUserTestCases -->
