<?xml version="1.0" encoding="UTF-8"?>
<!-- Generated by org.testng.reporters.JUnitReportReporter -->
<testsuite hostname="DESKTOP-U6D9EGH" failures="0" tests="6" name="testCases.ManageProductTestCases" time="30.214" errors="0" timestamp="14 Mar 2023 18:03:39 GMT" skipped="0">
  <testcase classname="testCases.ManageProductTestCases" name="verifyAddNewProductPageDefaultCheckboxValuesSelected" time="5.749"/>
  <testcase classname="testCases.ManageProductTestCases" name="verifyManageProductTitle" time="4.635"/>
  <testcase classname="testCases.ManageProductTestCases" name="verifyProductSearchPageLoad" time="4.825"/>
  <testcase classname="testCases.ManageProductTestCases" name="verifyAddNewProductPageDefaultRadioButtonValues" time="5.724"/>
  <testcase classname="testCases.ManageProductTestCases" name="verifyManageProductURL" time="4.721"/>
  <testcase classname="testCases.ManageProductTestCases" name="verifyManageProductPageisLoaded" time="4.560"/>
</testsuite> <!-- testCases.ManageProductTestCases -->
