<?xml version="1.0" encoding="UTF-8"?>
<!-- Generated by org.testng.reporters.JUnitReportReporter -->
<testsuite hostname="DESKTOP-U6D9EGH" failures="0" tests="3" name="testCases.LoginTestCases" time="29.873" errors="0" timestamp="20 Mar 2023 03:13:36 GMT" skipped="0">
  <testcase classname="testCases.LoginTestCases" name="verifySignInButtonColor" time="9.747"/>
  <testcase classname="testCases.LoginTestCases" name="verifyLoginForInValidUser" time="4.876"/>
  <testcase classname="testCases.LoginTestCases" name="verifyLoginForValidUser" time="15.250"/>
</testsuite> <!-- testCases.LoginTestCases -->
