<?xml version="1.0" encoding="UTF-8"?>
<!-- Generated by org.testng.reporters.JUnitReportReporter -->
<testsuite hostname="DESKTOP-U6D9EGH" failures="0" tests="3" name="testCases.LoginTestCases" time="7.653" errors="0" timestamp="20 Mar 2023 03:02:14 GMT" skipped="0">
  <testcase classname="testCases.LoginTestCases" name="verifyLoginForInValidUser" time="2.757"/>
  <testcase classname="testCases.LoginTestCases" name="verifySignInButtonColor" time="1.539"/>
  <testcase classname="testCases.LoginTestCases" name="verifyLoginForValidUser" time="3.357"/>
</testsuite> <!-- testCases.LoginTestCases -->
